<?xml version="1.0" encoding="UTF-8"?>
<!-- Generated by org.testng.reporters.JUnitReportReporter -->
<testsuite hostname="WIN-2M4AIHLEB07" failures="0" tests="3" name="groupsdemo.Testgroup2" time="0.005" errors="0" timestamp="2021-09-06T15:16:02 IST" skipped="0">
  <testcase classname="groupsdemo.Testgroup2" name="Test7" time="0.002"/>
  <system-out/>
  <testcase classname="groupsdemo.Testgroup2" name="Test9" time="0.001"/>
  <system-out/>
  <testcase classname="groupsdemo.Testgroup2" name="Test6" time="0.002"/>
  <system-out/>
</testsuite> <!-- groupsdemo.Testgroup2 -->
