<?xml version="1.0" encoding="UTF-8"?>
<!-- Generated by org.testng.reporters.JUnitReportReporter -->
<testsuite hostname="WIN-2M4AIHLEB07" failures="0" tests="1" name="learntestng.GridDemo" time="8.550" errors="0" timestamp="2021-09-07T11:24:21 IST" skipped="0">
  <testcase classname="learntestng.GridDemo" name="testLogin" time="8.550"/>
  <system-out/>
</testsuite> <!-- learntestng.GridDemo -->
