<?xml version="1.0" encoding="UTF-8"?>
<!-- Generated by org.testng.reporters.JUnitReportReporter -->
<testsuite hostname="WIN-2M4AIHLEB07" failures="0" tests="1" name="pagefactoryvalidatepom.ValidatePageFactoryRegister" time="4.987" errors="0" timestamp="2021-09-06T17:01:07 IST" skipped="0">
  <testcase classname="pagefactoryvalidatepom.ValidatePageFactoryRegister" name="validateRegister" time="4.987"/>
  <system-out/>
</testsuite> <!-- pagefactoryvalidatepom.ValidatePageFactoryRegister -->
