<?xml version="1.0" encoding="UTF-8"?>
<!-- Generated by org.testng.reporters.JUnitReportReporter -->
<testsuite hostname="WIN-2M4AIHLEB07" failures="0" tests="1" name="validatepommethods.ValidateLoginPom" time="5.816" errors="0" timestamp="2021-09-06T11:12:04 IST" skipped="0">
  <testcase classname="validatepommethods.ValidateLoginPom" name="checklogin" time="5.816"/>
  <system-out/>
</testsuite> <!-- validatepommethods.ValidateLoginPom -->
