<?xml version="1.0" encoding="UTF-8"?>
<!-- Generated by org.testng.reporters.JUnitReportReporter -->
<testsuite hostname="WIN-2M4AIHLEB07" failures="0" tests="2" name="leatntestng.DataproviderDemo" time="7.068" errors="0" timestamp="2021-09-01T13:40:23 IST" skipped="0">
  <testcase classname="leatntestng.DataproviderDemo" name="f" time="4.896"/>
  <system-out/>
  <testcase classname="leatntestng.DataproviderDemo" name="f" time="2.172"/>
  <system-out/>
</testsuite> <!-- leatntestng.DataproviderDemo -->
