<?xml version="1.0" encoding="UTF-8"?>
<!-- Generated by org.testng.reporters.JUnitReportReporter -->
<testsuite hostname="WIN-2M4AIHLEB07" failures="0" tests="1" name="leatntestng.GoogleDemo" time="2.948" errors="0" timestamp="2021-09-01T12:31:06 IST" skipped="0">
  <testcase classname="leatntestng.GoogleDemo" name="startapp" time="2.948"/>
  <system-out/>
</testsuite> <!-- leatntestng.GoogleDemo -->
