<?xml version="1.0" encoding="UTF-8"?>
<!-- Generated by org.testng.reporters.JUnitReportReporter -->
<testsuite hostname="WIN-2M4AIHLEB07" failures="0" tests="4" name="leatntestng.PriorityDemo" time="8.532" errors="0" timestamp="2021-09-01T12:25:24 IST" skipped="0">
  <testcase classname="leatntestng.PriorityDemo" name="startapp" time="3.619"/>
  <system-out/>
  <testcase classname="leatntestng.PriorityDemo" name="closebrowser" time="0.091"/>
  <system-out/>
  <testcase classname="leatntestng.PriorityDemo" name="signoff" time="0.857"/>
  <system-out/>
  <testcase classname="leatntestng.PriorityDemo" name="loginapp" time="3.965"/>
  <system-out/>
</testsuite> <!-- leatntestng.PriorityDemo -->
