<?xml version="1.0" encoding="UTF-8"?>
<!-- Generated by org.testng.reporters.JUnitReportReporter -->
<testsuite hostname="WIN-2M4AIHLEB07" failures="0" tests="2" name="leatntestng.AssertDemo" time="11.041" errors="0" timestamp="2021-09-01T13:05:03 IST" skipped="0">
  <testcase classname="leatntestng.AssertDemo" name="checkurl" time="3.925"/>
  <system-out/>
  <testcase classname="leatntestng.AssertDemo" name="checklogo" time="7.116"/>
  <system-out/>
</testsuite> <!-- leatntestng.AssertDemo -->
