<?xml version="1.0" encoding="UTF-8"?>
<!-- Generated by org.testng.reporters.JUnitReportReporter -->
<testsuite hostname="WIN-2M4AIHLEB07" failures="0" tests="1" name="leatntestng.TestexecutionSequence" time="0.003" errors="0" timestamp="2021-09-01T11:07:22 IST" skipped="0">
  <testcase classname="leatntestng.TestexecutionSequence" name="checktitle" time="0.003"/>
  <system-out/>
</testsuite> <!-- leatntestng.TestexecutionSequence -->
