<?xml version="1.0" encoding="UTF-8"?>
<!-- Generated by org.testng.reporters.JUnitReportReporter -->
<testsuite hostname="WIN-2M4AIHLEB07" failures="0" tests="4" name="groupsdemo.Testgroup1" time="0.011" errors="0" timestamp="2021-09-06T15:16:02 IST" skipped="0">
  <testcase classname="groupsdemo.Testgroup1" name="Test2" time="0.002"/>
  <system-out/>
  <testcase classname="groupsdemo.Testgroup1" name="Test4" time="0.001"/>
  <system-out/>
  <testcase classname="groupsdemo.Testgroup1" name="Test1" time="0.007"/>
  <system-out/>
  <testcase classname="groupsdemo.Testgroup1" name="Test3" time="0.001"/>
  <system-out/>
</testsuite> <!-- groupsdemo.Testgroup1 -->
