<?xml version="1.0" encoding="UTF-8"?>
<!-- Generated by org.testng.reporters.JUnitReportReporter -->
<testsuite hostname="WIN-2M4AIHLEB07" failures="0" tests="1" name="pagefactoryvalidatepom.ValidatePageFactoryLoginPom" time="6.183" errors="0" timestamp="2021-09-06T17:02:00 IST" skipped="0">
  <testcase classname="pagefactoryvalidatepom.ValidatePageFactoryLoginPom" name="validatelogin" time="6.183"/>
  <system-out/>
</testsuite> <!-- pagefactoryvalidatepom.ValidatePageFactoryLoginPom -->
