<?xml version="1.0" encoding="UTF-8"?>
<!-- Generated by org.testng.reporters.JUnitReportReporter -->
<testsuite hostname="WIN-2M4AIHLEB07" failures="0" tests="2" name="learntestng.DataproviderDemo" time="26.639" errors="0" timestamp="2021-09-11T22:27:04 IST" skipped="0">
  <testcase classname="learntestng.DataproviderDemo" name="f" time="24.088"/>
  <system-out/>
  <testcase classname="learntestng.DataproviderDemo" name="f" time="2.551"/>
  <system-out/>
</testsuite> <!-- learntestng.DataproviderDemo -->
