<?xml version="1.0" encoding="UTF-8"?>
<!-- Generated by org.testng.reporters.JUnitReportReporter -->
<testsuite hostname="WIN-2M4AIHLEB07" failures="0" tests="2" name="learntestng.AssertDemo" time="33.379" errors="0" timestamp="2021-09-11T22:26:11 IST" skipped="0">
  <testcase classname="learntestng.AssertDemo" name="checkurl" time="18.762"/>
  <system-out/>
  <testcase classname="learntestng.AssertDemo" name="checklogo" time="14.617"/>
  <system-out/>
</testsuite> <!-- learntestng.AssertDemo -->
