<?xml version="1.0" encoding="UTF-8"?>
<!-- Generated by org.testng.reporters.JUnitReportReporter -->
<testsuite hostname="WIN-2M4AIHLEB07" failures="0" tests="2" name="demowebshoptests.AssertDemo" time="10.691" errors="0" timestamp="2021-09-06T13:38:30 IST" skipped="0">
  <testcase classname="demowebshoptests.AssertDemo" name="checkurl" time="7.038"/>
  <system-out/>
  <testcase classname="demowebshoptests.AssertDemo" name="checklogo" time="3.653"/>
  <system-out/>
</testsuite> <!-- demowebshoptests.AssertDemo -->
